c:\users\petritol\desktop\tekoalykurssi\aigameframeworkpt\examples\wargame\debug\vc120.pdb
c:\users\petritol\desktop\tekoalykurssi\aigameframeworkpt\examples\wargame\debug\vc120.idb
c:\users\petritol\desktop\tekoalykurssi\aigameframeworkpt\examples\wargame\debug\closedlist.obj
c:\users\petritol\desktop\tekoalykurssi\aigameframeworkpt\examples\wargame\debug\main.obj
c:\users\petritol\desktop\tekoalykurssi\aigameframeworkpt\examples\wargame\debug\openlist.obj
c:\users\petritol\desktop\tekoalykurssi\aigameframeworkpt\examples\wargame\debug\pathfindingapp.obj
c:\users\petritol\desktop\tekoalykurssi\aigameframeworkpt\examples\wargame\debug\ptai.obj
c:\users\petritol\desktop\tekoalykurssi\aigameframeworkpt\examples\wargame\debug\searchnode.obj
c:\users\petritol\desktop\tekoalykurssi\aigameframeworkpt\examples\wargame\debug\searchlevel.obj
c:\users\petritol\desktop\tekoalykurssi\aigameframeworkpt\examples\wargame\debug\wargame.ilk
c:\users\petritol\desktop\tekoalykurssi\aigameframeworkpt\examples\wargame\debug\wargame.exe
c:\users\petritol\desktop\tekoalykurssi\aigameframeworkpt\examples\wargame\debug\wargame.pdb
c:\users\petritol\desktop\tekoalykurssi\aigameframeworkpt\examples\wargame\debug\wargame.tlog\cl.command.1.tlog
c:\users\petritol\desktop\tekoalykurssi\aigameframeworkpt\examples\wargame\debug\wargame.tlog\cl.read.1.tlog
c:\users\petritol\desktop\tekoalykurssi\aigameframeworkpt\examples\wargame\debug\wargame.tlog\cl.write.1.tlog
c:\users\petritol\desktop\tekoalykurssi\aigameframeworkpt\examples\wargame\debug\wargame.tlog\ib.ib.cl.write.1.tlog
c:\users\petritol\desktop\tekoalykurssi\aigameframeworkpt\examples\wargame\debug\wargame.tlog\ib.ib.link.write.1.tlog
c:\users\petritol\desktop\tekoalykurssi\aigameframeworkpt\examples\wargame\debug\wargame.tlog\link.command.1.tlog
c:\users\petritol\desktop\tekoalykurssi\aigameframeworkpt\examples\wargame\debug\wargame.tlog\link.read.1.tlog
c:\users\petritol\desktop\tekoalykurssi\aigameframeworkpt\examples\wargame\debug\wargame.tlog\link.write.1.tlog
