Build started 24.5.2016 13:53:43.
     1>Project "C:\Users\PetriTol\Desktop\TekoalyKurssi\AIGameFrameworkPT\examples\WarGame\WarGame.vcxproj" on node 3 (Build target(s)).
     1>ClCompile:
         C:\Program Files (x86)\Microsoft Visual Studio 12.0\VC\bin\CL.exe /c /IC:\Users\PetriTol\Desktop\TekoalyKurssi\AIGameFrameworkPT\examples\WarGame\../../sdk /IC:\Users\PetriTol\Desktop\TekoalyKurssi\AIGameFrameworkPT\examples\WarGame\../../yam2d/engine/external /IC:\Users\PetriTol\Desktop\TekoalyKurssi\AIGameFrameworkPT\examples\WarGame\../../yam2d/engine/include /ZI /nologo /W3 /WX- /Od /Oy- /D WIN32 /D _DEBUG /D _CONSOLE /D _LIB /D _UNICODE /D UNICODE /Gm /EHsc /RTC1 /MDd /GS /fp:precise /Zc:wchar_t /Zc:forScope /Fo"Debug\\" /Fd"Debug\vc120.pdb" /Gd /TP /analyze- /errorReport:prompt ClosedList.cpp OpenList.cpp PTAI.cpp PathFindingApp.cpp SearchLevel.cpp SearchNode.cpp main.cpp
         main.cpp
     1>c:\users\petritol\desktop\tekoalykurssi\aigameframeworkpt\examples\wargame\main.cpp(141): warning C4018: '<' : signed/unsigned mismatch
     1>c:\users\petritol\desktop\tekoalykurssi\aigameframeworkpt\examples\wargame\main.cpp(143): warning C4018: '<' : signed/unsigned mismatch
         SearchNode.cpp
         SearchLevel.cpp
         PathFindingApp.cpp
     1>c:\users\petritol\desktop\tekoalykurssi\aigameframeworkpt\examples\wargame\pathfindingapp.cpp(66): warning C4244: '=' : conversion from 'float' to 'int', possible loss of data
     1>c:\users\petritol\desktop\tekoalykurssi\aigameframeworkpt\examples\wargame\pathfindingapp.cpp(67): warning C4244: '=' : conversion from 'float' to 'int', possible loss of data
     1>c:\users\petritol\desktop\tekoalykurssi\aigameframeworkpt\examples\wargame\pathfindingapp.cpp(69): warning C4244: '=' : conversion from 'float' to 'int', possible loss of data
     1>c:\users\petritol\desktop\tekoalykurssi\aigameframeworkpt\examples\wargame\pathfindingapp.cpp(70): warning C4244: '=' : conversion from 'float' to 'int', possible loss of data
     1>c:\users\petritol\desktop\tekoalykurssi\aigameframeworkpt\examples\wargame\pathfindingapp.cpp(147): warning C4244: 'argument' : conversion from 'int' to 'float', possible loss of data
         PTAI.cpp
     1>c:\users\petritol\desktop\tekoalykurssi\aigameframeworkpt\examples\wargame\ptai.cpp(119): warning C4018: '<' : signed/unsigned mismatch
     1>c:\users\petritol\desktop\tekoalykurssi\aigameframeworkpt\examples\wargame\ptai.cpp(121): warning C4244: 'initializing' : conversion from 'float' to 'size_t', possible loss of data
     1>c:\users\petritol\desktop\tekoalykurssi\aigameframeworkpt\examples\wargame\ptai.cpp(122): warning C4244: 'initializing' : conversion from 'float' to 'size_t', possible loss of data
     1>c:\users\petritol\desktop\tekoalykurssi\aigameframeworkpt\examples\wargame\ptai.cpp(148): warning C4244: 'argument' : conversion from 'int' to 'float', possible loss of data
     1>c:\users\petritol\desktop\tekoalykurssi\aigameframeworkpt\examples\wargame\ptai.cpp(196): warning C4244: 'argument' : conversion from 'time_t' to 'unsigned int', possible loss of data
     1>c:\users\petritol\desktop\tekoalykurssi\aigameframeworkpt\examples\wargame\ptai.cpp(200): warning C4244: '=' : conversion from 'float' to 'int', possible loss of data
     1>c:\users\petritol\desktop\tekoalykurssi\aigameframeworkpt\examples\wargame\ptai.cpp(201): warning C4244: '=' : conversion from 'float' to 'int', possible loss of data
     1>c:\users\petritol\desktop\tekoalykurssi\aigameframeworkpt\examples\wargame\ptai.cpp(203): warning C4018: '<' : signed/unsigned mismatch
         OpenList.cpp
         ClosedList.cpp
         Generating Code...
       Link:
         C:\Program Files (x86)\Microsoft Visual Studio 12.0\VC\bin\link.exe /ERRORREPORT:PROMPT /OUT:"C:\Users\PetriTol\Desktop\TekoalyKurssi\AIGameFrameworkPT\examples\Debug\WarGame.exe" /INCREMENTAL /NOLOGO /LIBPATH:C:\Users\PetriTol\Desktop\TekoalyKurssi\AIGameFrameworkPT\examples\WarGame\../../lib/Debug /LIBPATH:C:\Users\PetriTol\Desktop\TekoalyKurssi\AIGameFrameworkPT\examples\WarGame\../../lib winmm.lib AIGameFramework.lib yam2d.lib libEGL.lib libGLES_cm.lib kernel32.lib user32.lib gdi32.lib winspool.lib comdlg32.lib advapi32.lib shell32.lib ole32.lib oleaut32.lib uuid.lib odbc32.lib odbccp32.lib /MANIFEST /MANIFESTUAC:"level='asInvoker' uiAccess='false'" /manifest:embed /DEBUG /PDB:"C:\Users\PetriTol\Desktop\TekoalyKurssi\AIGameFrameworkPT\examples\Debug\WarGame.pdb" /SUBSYSTEM:CONSOLE /TLBID:1 /DYNAMICBASE /NXCOMPAT /IMPLIB:"C:\Users\PetriTol\Desktop\TekoalyKurssi\AIGameFrameworkPT\examples\Debug\WarGame.lib" /MACHINE:X86 Debug\ClosedList.obj
         Debug\main.obj
         Debug\OpenList.obj
         Debug\PathFindingApp.obj
         Debug\PTAI.obj
         Debug\SearchLevel.obj
         Debug\SearchNode.obj
     1>AIGameFramework.lib(EnetHost.obj) : warning LNK4099: PDB 'vc120.pdb' was not found with 'AIGameFramework.lib(EnetHost.obj)' or at 'C:\Users\PetriTol\Desktop\TekoalyKurssi\AIGameFrameworkPT\examples\Debug\vc120.pdb'; linking object as if no debug info
     1>AIGameFramework.lib(AIMapLayerImpl.obj) : warning LNK4099: PDB 'vc120.pdb' was not found with 'AIGameFramework.lib(AIMapLayerImpl.obj)' or at 'C:\Users\PetriTol\Desktop\TekoalyKurssi\AIGameFrameworkPT\examples\Debug\vc120.pdb'; linking object as if no debug info
     1>AIGameFramework.lib(CharacterController.obj) : warning LNK4099: PDB 'vc120.pdb' was not found with 'AIGameFramework.lib(CharacterController.obj)' or at 'C:\Users\PetriTol\Desktop\TekoalyKurssi\AIGameFrameworkPT\examples\Debug\vc120.pdb'; linking object as if no debug info
     1>AIGameFramework.lib(DynamicLibraryAIController.obj) : warning LNK4099: PDB 'vc120.pdb' was not found with 'AIGameFramework.lib(DynamicLibraryAIController.obj)' or at 'C:\Users\PetriTol\Desktop\TekoalyKurssi\AIGameFrameworkPT\examples\Debug\vc120.pdb'; linking object as if no debug info
     1>AIGameFramework.lib(GameActions.obj) : warning LNK4099: PDB 'vc120.pdb' was not found with 'AIGameFramework.lib(GameActions.obj)' or at 'C:\Users\PetriTol\Desktop\TekoalyKurssi\AIGameFrameworkPT\examples\Debug\vc120.pdb'; linking object as if no debug info
     1>AIGameFramework.lib(GameApp.obj) : warning LNK4099: PDB 'vc120.pdb' was not found with 'AIGameFramework.lib(GameApp.obj)' or at 'C:\Users\PetriTol\Desktop\TekoalyKurssi\AIGameFrameworkPT\examples\Debug\vc120.pdb'; linking object as if no debug info
     1>AIGameFramework.lib(GameBaseController.obj) : warning LNK4099: PDB 'vc120.pdb' was not found with 'AIGameFramework.lib(GameBaseController.obj)' or at 'C:\Users\PetriTol\Desktop\TekoalyKurssi\AIGameFrameworkPT\examples\Debug\vc120.pdb'; linking object as if no debug info
     1>AIGameFramework.lib(GameComponentFactory.obj) : warning LNK4099: PDB 'vc120.pdb' was not found with 'AIGameFramework.lib(GameComponentFactory.obj)' or at 'C:\Users\PetriTol\Desktop\TekoalyKurssi\AIGameFrameworkPT\examples\Debug\vc120.pdb'; linking object as if no debug info
     1>AIGameFramework.lib(GameController.obj) : warning LNK4099: PDB 'vc120.pdb' was not found with 'AIGameFramework.lib(GameController.obj)' or at 'C:\Users\PetriTol\Desktop\TekoalyKurssi\AIGameFrameworkPT\examples\Debug\vc120.pdb'; linking object as if no debug info
     1>AIGameFramework.lib(GameControllerImpl.obj) : warning LNK4099: PDB 'vc120.pdb' was not found with 'AIGameFramework.lib(GameControllerImpl.obj)' or at 'C:\Users\PetriTol\Desktop\TekoalyKurssi\AIGameFrameworkPT\examples\Debug\vc120.pdb'; linking object as if no debug info
     1>AIGameFramework.lib(GameControllers.obj) : warning LNK4099: PDB 'vc120.pdb' was not found with 'AIGameFramework.lib(GameControllers.obj)' or at 'C:\Users\PetriTol\Desktop\TekoalyKurssi\AIGameFrameworkPT\examples\Debug\vc120.pdb'; linking object as if no debug info
     1>AIGameFramework.lib(GameEvents.obj) : warning LNK4099: PDB 'vc120.pdb' was not found with 'AIGameFramework.lib(GameEvents.obj)' or at 'C:\Users\PetriTol\Desktop\TekoalyKurssi\AIGameFrameworkPT\examples\Debug\vc120.pdb'; linking object as if no debug info
     1>AIGameFramework.lib(GameRunningState.obj) : warning LNK4099: PDB 'vc120.pdb' was not found with 'AIGameFramework.lib(GameRunningState.obj)' or at 'C:\Users\PetriTol\Desktop\TekoalyKurssi\AIGameFrameworkPT\examples\Debug\vc120.pdb'; linking object as if no debug info
     1>AIGameFramework.lib(JoystickController.obj) : warning LNK4099: PDB 'vc120.pdb' was not found with 'AIGameFramework.lib(JoystickController.obj)' or at 'C:\Users\PetriTol\Desktop\TekoalyKurssi\AIGameFrameworkPT\examples\Debug\vc120.pdb'; linking object as if no debug info
     1>AIGameFramework.lib(MyContactListener.obj) : warning LNK4099: PDB 'vc120.pdb' was not found with 'AIGameFramework.lib(MyContactListener.obj)' or at 'C:\Users\PetriTol\Desktop\TekoalyKurssi\AIGameFrameworkPT\examples\Debug\vc120.pdb'; linking object as if no debug info
     1>AIGameFramework.lib(NetworkCharacterController.obj) : warning LNK4099: PDB 'vc120.pdb' was not found with 'AIGameFramework.lib(NetworkCharacterController.obj)' or at 'C:\Users\PetriTol\Desktop\TekoalyKurssi\AIGameFrameworkPT\examples\Debug\vc120.pdb'; linking object as if no debug info
     1>AIGameFramework.lib(PhysicsBody.obj) : warning LNK4099: PDB 'vc120.pdb' was not found with 'AIGameFramework.lib(PhysicsBody.obj)' or at 'C:\Users\PetriTol\Desktop\TekoalyKurssi\AIGameFrameworkPT\examples\Debug\vc120.pdb'; linking object as if no debug info
     1>AIGameFramework.lib(SpawnController.obj) : warning LNK4099: PDB 'vc120.pdb' was not found with 'AIGameFramework.lib(SpawnController.obj)' or at 'C:\Users\PetriTol\Desktop\TekoalyKurssi\AIGameFrameworkPT\examples\Debug\vc120.pdb'; linking object as if no debug info
     1>yam2d.lib(b2BroadPhase.obj) : warning LNK4099: PDB 'vc120.pdb' was not found with 'yam2d.lib(b2BroadPhase.obj)' or at 'C:\Users\PetriTol\Desktop\TekoalyKurssi\AIGameFrameworkPT\examples\Debug\vc120.pdb'; linking object as if no debug info
     1>yam2d.lib(b2CollideCircle.obj) : warning LNK4099: PDB 'vc120.pdb' was not found with 'yam2d.lib(b2CollideCircle.obj)' or at 'C:\Users\PetriTol\Desktop\TekoalyKurssi\AIGameFrameworkPT\examples\Debug\vc120.pdb'; linking object as if no debug info
     1>yam2d.lib(b2CollideEdge.obj) : warning LNK4099: PDB 'vc120.pdb' was not found with 'yam2d.lib(b2CollideEdge.obj)' or at 'C:\Users\PetriTol\Desktop\TekoalyKurssi\AIGameFrameworkPT\examples\Debug\vc120.pdb'; linking object as if no debug info
     1>yam2d.lib(b2CollidePolygon.obj) : warning LNK4099: PDB 'vc120.pdb' was not found with 'yam2d.lib(b2CollidePolygon.obj)' or at 'C:\Users\PetriTol\Desktop\TekoalyKurssi\AIGameFrameworkPT\examples\Debug\vc120.pdb'; linking object as if no debug info
     1>yam2d.lib(b2Collision.obj) : warning LNK4099: PDB 'vc120.pdb' was not found with 'yam2d.lib(b2Collision.obj)' or at 'C:\Users\PetriTol\Desktop\TekoalyKurssi\AIGameFrameworkPT\examples\Debug\vc120.pdb'; linking object as if no debug info
     1>yam2d.lib(b2Distance.obj) : warning LNK4099: PDB 'vc120.pdb' was not found with 'yam2d.lib(b2Distance.obj)' or at 'C:\Users\PetriTol\Desktop\TekoalyKurssi\AIGameFrameworkPT\examples\Debug\vc120.pdb'; linking object as if no debug info
     1>yam2d.lib(b2DynamicTree.obj) : warning LNK4099: PDB 'vc120.pdb' was not found with 'yam2d.lib(b2DynamicTree.obj)' or at 'C:\Users\PetriTol\Desktop\TekoalyKurssi\AIGameFrameworkPT\examples\Debug\vc120.pdb'; linking object as if no debug info
     1>yam2d.lib(b2TimeOfImpact.obj) : warning LNK4099: PDB 'vc120.pdb' was not found with 'yam2d.lib(b2TimeOfImpact.obj)' or at 'C:\Users\PetriTol\Desktop\TekoalyKurssi\AIGameFrameworkPT\examples\Debug\vc120.pdb'; linking object as if no debug info
     1>yam2d.lib(b2ChainShape.obj) : warning LNK4099: PDB 'vc120.pdb' was not found with 'yam2d.lib(b2ChainShape.obj)' or at 'C:\Users\PetriTol\Desktop\TekoalyKurssi\AIGameFrameworkPT\examples\Debug\vc120.pdb'; linking object as if no debug info
     1>yam2d.lib(b2CircleShape.obj) : warning LNK4099: PDB 'vc120.pdb' was not found with 'yam2d.lib(b2CircleShape.obj)' or at 'C:\Users\PetriTol\Desktop\TekoalyKurssi\AIGameFrameworkPT\examples\Debug\vc120.pdb'; linking object as if no debug info
     1>yam2d.lib(b2EdgeShape.obj) : warning LNK4099: PDB 'vc120.pdb' was not found with 'yam2d.lib(b2EdgeShape.obj)' or at 'C:\Users\PetriTol\Desktop\TekoalyKurssi\AIGameFrameworkPT\examples\Debug\vc120.pdb'; linking object as if no debug info
     1>yam2d.lib(b2PolygonShape.obj) : warning LNK4099: PDB 'vc120.pdb' was not found with 'yam2d.lib(b2PolygonShape.obj)' or at 'C:\Users\PetriTol\Desktop\TekoalyKurssi\AIGameFrameworkPT\examples\Debug\vc120.pdb'; linking object as if no debug info
     1>yam2d.lib(b2BlockAllocator.obj) : warning LNK4099: PDB 'vc120.pdb' was not found with 'yam2d.lib(b2BlockAllocator.obj)' or at 'C:\Users\PetriTol\Desktop\TekoalyKurssi\AIGameFrameworkPT\examples\Debug\vc120.pdb'; linking object as if no debug info
     1>yam2d.lib(b2Draw.obj) : warning LNK4099: PDB 'vc120.pdb' was not found with 'yam2d.lib(b2Draw.obj)' or at 'C:\Users\PetriTol\Desktop\TekoalyKurssi\AIGameFrameworkPT\examples\Debug\vc120.pdb'; linking object as if no debug info
     1>yam2d.lib(b2Math.obj) : warning LNK4099: PDB 'vc120.pdb' was not found with 'yam2d.lib(b2Math.obj)' or at 'C:\Users\PetriTol\Desktop\TekoalyKurssi\AIGameFrameworkPT\examples\Debug\vc120.pdb'; linking object as if no debug info
     1>yam2d.lib(b2Settings.obj) : warning LNK4099: PDB 'vc120.pdb' was not found with 'yam2d.lib(b2Settings.obj)' or at 'C:\Users\PetriTol\Desktop\TekoalyKurssi\AIGameFrameworkPT\examples\Debug\vc120.pdb'; linking object as if no debug info
     1>yam2d.lib(b2StackAllocator.obj) : warning LNK4099: PDB 'vc120.pdb' was not found with 'yam2d.lib(b2StackAllocator.obj)' or at 'C:\Users\PetriTol\Desktop\TekoalyKurssi\AIGameFrameworkPT\examples\Debug\vc120.pdb'; linking object as if no debug info
     1>yam2d.lib(b2Timer.obj) : warning LNK4099: PDB 'vc120.pdb' was not found with 'yam2d.lib(b2Timer.obj)' or at 'C:\Users\PetriTol\Desktop\TekoalyKurssi\AIGameFrameworkPT\examples\Debug\vc120.pdb'; linking object as if no debug info
     1>yam2d.lib(b2Body.obj) : warning LNK4099: PDB 'vc120.pdb' was not found with 'yam2d.lib(b2Body.obj)' or at 'C:\Users\PetriTol\Desktop\TekoalyKurssi\AIGameFrameworkPT\examples\Debug\vc120.pdb'; linking object as if no debug info
     1>yam2d.lib(b2ContactManager.obj) : warning LNK4099: PDB 'vc120.pdb' was not found with 'yam2d.lib(b2ContactManager.obj)' or at 'C:\Users\PetriTol\Desktop\TekoalyKurssi\AIGameFrameworkPT\examples\Debug\vc120.pdb'; linking object as if no debug info
     1>yam2d.lib(b2Fixture.obj) : warning LNK4099: PDB 'vc120.pdb' was not found with 'yam2d.lib(b2Fixture.obj)' or at 'C:\Users\PetriTol\Desktop\TekoalyKurssi\AIGameFrameworkPT\examples\Debug\vc120.pdb'; linking object as if no debug info
     1>yam2d.lib(b2Island.obj) : warning LNK4099: PDB 'vc120.pdb' was not found with 'yam2d.lib(b2Island.obj)' or at 'C:\Users\PetriTol\Desktop\TekoalyKurssi\AIGameFrameworkPT\examples\Debug\vc120.pdb'; linking object as if no debug info
     1>yam2d.lib(b2World.obj) : warning LNK4099: PDB 'vc120.pdb' was not found with 'yam2d.lib(b2World.obj)' or at 'C:\Users\PetriTol\Desktop\TekoalyKurssi\AIGameFrameworkPT\examples\Debug\vc120.pdb'; linking object as if no debug info
     1>yam2d.lib(b2WorldCallbacks.obj) : warning LNK4099: PDB 'vc120.pdb' was not found with 'yam2d.lib(b2WorldCallbacks.obj)' or at 'C:\Users\PetriTol\Desktop\TekoalyKurssi\AIGameFrameworkPT\examples\Debug\vc120.pdb'; linking object as if no debug info
     1>yam2d.lib(b2ChainAndCircleContact.obj) : warning LNK4099: PDB 'vc120.pdb' was not found with 'yam2d.lib(b2ChainAndCircleContact.obj)' or at 'C:\Users\PetriTol\Desktop\TekoalyKurssi\AIGameFrameworkPT\examples\Debug\vc120.pdb'; linking object as if no debug info
     1>yam2d.lib(b2ChainAndPolygonContact.obj) : warning LNK4099: PDB 'vc120.pdb' was not found with 'yam2d.lib(b2ChainAndPolygonContact.obj)' or at 'C:\Users\PetriTol\Desktop\TekoalyKurssi\AIGameFrameworkPT\examples\Debug\vc120.pdb'; linking object as if no debug info
     1>yam2d.lib(b2CircleContact.obj) : warning LNK4099: PDB 'vc120.pdb' was not found with 'yam2d.lib(b2CircleContact.obj)' or at 'C:\Users\PetriTol\Desktop\TekoalyKurssi\AIGameFrameworkPT\examples\Debug\vc120.pdb'; linking object as if no debug info
     1>yam2d.lib(b2Contact.obj) : warning LNK4099: PDB 'vc120.pdb' was not found with 'yam2d.lib(b2Contact.obj)' or at 'C:\Users\PetriTol\Desktop\TekoalyKurssi\AIGameFrameworkPT\examples\Debug\vc120.pdb'; linking object as if no debug info
     1>yam2d.lib(b2ContactSolver.obj) : warning LNK4099: PDB 'vc120.pdb' was not found with 'yam2d.lib(b2ContactSolver.obj)' or at 'C:\Users\PetriTol\Desktop\TekoalyKurssi\AIGameFrameworkPT\examples\Debug\vc120.pdb'; linking object as if no debug info
     1>yam2d.lib(b2EdgeAndCircleContact.obj) : warning LNK4099: PDB 'vc120.pdb' was not found with 'yam2d.lib(b2EdgeAndCircleContact.obj)' or at 'C:\Users\PetriTol\Desktop\TekoalyKurssi\AIGameFrameworkPT\examples\Debug\vc120.pdb'; linking object as if no debug info
     1>yam2d.lib(b2EdgeAndPolygonContact.obj) : warning LNK4099: PDB 'vc120.pdb' was not found with 'yam2d.lib(b2EdgeAndPolygonContact.obj)' or at 'C:\Users\PetriTol\Desktop\TekoalyKurssi\AIGameFrameworkPT\examples\Debug\vc120.pdb'; linking object as if no debug info
     1>yam2d.lib(b2PolygonAndCircleContact.obj) : warning LNK4099: PDB 'vc120.pdb' was not found with 'yam2d.lib(b2PolygonAndCircleContact.obj)' or at 'C:\Users\PetriTol\Desktop\TekoalyKurssi\AIGameFrameworkPT\examples\Debug\vc120.pdb'; linking object as if no debug info
     1>yam2d.lib(b2PolygonContact.obj) : warning LNK4099: PDB 'vc120.pdb' was not found with 'yam2d.lib(b2PolygonContact.obj)' or at 'C:\Users\PetriTol\Desktop\TekoalyKurssi\AIGameFrameworkPT\examples\Debug\vc120.pdb'; linking object as if no debug info
     1>yam2d.lib(b2DistanceJoint.obj) : warning LNK4099: PDB 'vc120.pdb' was not found with 'yam2d.lib(b2DistanceJoint.obj)' or at 'C:\Users\PetriTol\Desktop\TekoalyKurssi\AIGameFrameworkPT\examples\Debug\vc120.pdb'; linking object as if no debug info
     1>yam2d.lib(b2FrictionJoint.obj) : warning LNK4099: PDB 'vc120.pdb' was not found with 'yam2d.lib(b2FrictionJoint.obj)' or at 'C:\Users\PetriTol\Desktop\TekoalyKurssi\AIGameFrameworkPT\examples\Debug\vc120.pdb'; linking object as if no debug info
     1>yam2d.lib(b2GearJoint.obj) : warning LNK4099: PDB 'vc120.pdb' was not found with 'yam2d.lib(b2GearJoint.obj)' or at 'C:\Users\PetriTol\Desktop\TekoalyKurssi\AIGameFrameworkPT\examples\Debug\vc120.pdb'; linking object as if no debug info
     1>yam2d.lib(b2Joint.obj) : warning LNK4099: PDB 'vc120.pdb' was not found with 'yam2d.lib(b2Joint.obj)' or at 'C:\Users\PetriTol\Desktop\TekoalyKurssi\AIGameFrameworkPT\examples\Debug\vc120.pdb'; linking object as if no debug info
     1>yam2d.lib(b2MouseJoint.obj) : warning LNK4099: PDB 'vc120.pdb' was not found with 'yam2d.lib(b2MouseJoint.obj)' or at 'C:\Users\PetriTol\Desktop\TekoalyKurssi\AIGameFrameworkPT\examples\Debug\vc120.pdb'; linking object as if no debug info
     1>yam2d.lib(b2PrismaticJoint.obj) : warning LNK4099: PDB 'vc120.pdb' was not found with 'yam2d.lib(b2PrismaticJoint.obj)' or at 'C:\Users\PetriTol\Desktop\TekoalyKurssi\AIGameFrameworkPT\examples\Debug\vc120.pdb'; linking object as if no debug info
     1>yam2d.lib(b2PulleyJoint.obj) : warning LNK4099: PDB 'vc120.pdb' was not found with 'yam2d.lib(b2PulleyJoint.obj)' or at 'C:\Users\PetriTol\Desktop\TekoalyKurssi\AIGameFrameworkPT\examples\Debug\vc120.pdb'; linking object as if no debug info
     1>yam2d.lib(b2RevoluteJoint.obj) : warning LNK4099: PDB 'vc120.pdb' was not found with 'yam2d.lib(b2RevoluteJoint.obj)' or at 'C:\Users\PetriTol\Desktop\TekoalyKurssi\AIGameFrameworkPT\examples\Debug\vc120.pdb'; linking object as if no debug info
     1>yam2d.lib(b2RopeJoint.obj) : warning LNK4099: PDB 'vc120.pdb' was not found with 'yam2d.lib(b2RopeJoint.obj)' or at 'C:\Users\PetriTol\Desktop\TekoalyKurssi\AIGameFrameworkPT\examples\Debug\vc120.pdb'; linking object as if no debug info
     1>yam2d.lib(b2WeldJoint.obj) : warning LNK4099: PDB 'vc120.pdb' was not found with 'yam2d.lib(b2WeldJoint.obj)' or at 'C:\Users\PetriTol\Desktop\TekoalyKurssi\AIGameFrameworkPT\examples\Debug\vc120.pdb'; linking object as if no debug info
     1>yam2d.lib(b2WheelJoint.obj) : warning LNK4099: PDB 'vc120.pdb' was not found with 'yam2d.lib(b2WheelJoint.obj)' or at 'C:\Users\PetriTol\Desktop\TekoalyKurssi\AIGameFrameworkPT\examples\Debug\vc120.pdb'; linking object as if no debug info
     1>yam2d.lib(callbacks.obj) : warning LNK4099: PDB 'vc120.pdb' was not found with 'yam2d.lib(callbacks.obj)' or at 'C:\Users\PetriTol\Desktop\TekoalyKurssi\AIGameFrameworkPT\examples\Debug\vc120.pdb'; linking object as if no debug info
     1>yam2d.lib(host.obj) : warning LNK4099: PDB 'vc120.pdb' was not found with 'yam2d.lib(host.obj)' or at 'C:\Users\PetriTol\Desktop\TekoalyKurssi\AIGameFrameworkPT\examples\Debug\vc120.pdb'; linking object as if no debug info
     1>yam2d.lib(list.obj) : warning LNK4099: PDB 'vc120.pdb' was not found with 'yam2d.lib(list.obj)' or at 'C:\Users\PetriTol\Desktop\TekoalyKurssi\AIGameFrameworkPT\examples\Debug\vc120.pdb'; linking object as if no debug info
     1>yam2d.lib(packet.obj) : warning LNK4099: PDB 'vc120.pdb' was not found with 'yam2d.lib(packet.obj)' or at 'C:\Users\PetriTol\Desktop\TekoalyKurssi\AIGameFrameworkPT\examples\Debug\vc120.pdb'; linking object as if no debug info
     1>yam2d.lib(peer.obj) : warning LNK4099: PDB 'vc120.pdb' was not found with 'yam2d.lib(peer.obj)' or at 'C:\Users\PetriTol\Desktop\TekoalyKurssi\AIGameFrameworkPT\examples\Debug\vc120.pdb'; linking object as if no debug info
     1>yam2d.lib(protocol.obj) : warning LNK4099: PDB 'vc120.pdb' was not found with 'yam2d.lib(protocol.obj)' or at 'C:\Users\PetriTol\Desktop\TekoalyKurssi\AIGameFrameworkPT\examples\Debug\vc120.pdb'; linking object as if no debug info
     1>yam2d.lib(win32.obj) : warning LNK4099: PDB 'vc120.pdb' was not found with 'yam2d.lib(win32.obj)' or at 'C:\Users\PetriTol\Desktop\TekoalyKurssi\AIGameFrameworkPT\examples\Debug\vc120.pdb'; linking object as if no debug info
     1>yam2d.lib(png.obj) : warning LNK4099: PDB 'vc120.pdb' was not found with 'yam2d.lib(png.obj)' or at 'C:\Users\PetriTol\Desktop\TekoalyKurssi\AIGameFrameworkPT\examples\Debug\vc120.pdb'; linking object as if no debug info
     1>yam2d.lib(pngerror.obj) : warning LNK4099: PDB 'vc120.pdb' was not found with 'yam2d.lib(pngerror.obj)' or at 'C:\Users\PetriTol\Desktop\TekoalyKurssi\AIGameFrameworkPT\examples\Debug\vc120.pdb'; linking object as if no debug info
     1>yam2d.lib(pngget.obj) : warning LNK4099: PDB 'vc120.pdb' was not found with 'yam2d.lib(pngget.obj)' or at 'C:\Users\PetriTol\Desktop\TekoalyKurssi\AIGameFrameworkPT\examples\Debug\vc120.pdb'; linking object as if no debug info
     1>yam2d.lib(pngmem.obj) : warning LNK4099: PDB 'vc120.pdb' was not found with 'yam2d.lib(pngmem.obj)' or at 'C:\Users\PetriTol\Desktop\TekoalyKurssi\AIGameFrameworkPT\examples\Debug\vc120.pdb'; linking object as if no debug info
     1>yam2d.lib(pngread.obj) : warning LNK4099: PDB 'vc120.pdb' was not found with 'yam2d.lib(pngread.obj)' or at 'C:\Users\PetriTol\Desktop\TekoalyKurssi\AIGameFrameworkPT\examples\Debug\vc120.pdb'; linking object as if no debug info
     1>yam2d.lib(pngrio.obj) : warning LNK4099: PDB 'vc120.pdb' was not found with 'yam2d.lib(pngrio.obj)' or at 'C:\Users\PetriTol\Desktop\TekoalyKurssi\AIGameFrameworkPT\examples\Debug\vc120.pdb'; linking object as if no debug info
     1>yam2d.lib(pngrtran.obj) : warning LNK4099: PDB 'vc120.pdb' was not found with 'yam2d.lib(pngrtran.obj)' or at 'C:\Users\PetriTol\Desktop\TekoalyKurssi\AIGameFrameworkPT\examples\Debug\vc120.pdb'; linking object as if no debug info
     1>yam2d.lib(pngrutil.obj) : warning LNK4099: PDB 'vc120.pdb' was not found with 'yam2d.lib(pngrutil.obj)' or at 'C:\Users\PetriTol\Desktop\TekoalyKurssi\AIGameFrameworkPT\examples\Debug\vc120.pdb'; linking object as if no debug info
     1>yam2d.lib(pngset.obj) : warning LNK4099: PDB 'vc120.pdb' was not found with 'yam2d.lib(pngset.obj)' or at 'C:\Users\PetriTol\Desktop\TekoalyKurssi\AIGameFrameworkPT\examples\Debug\vc120.pdb'; linking object as if no debug info
     1>yam2d.lib(pngtrans.obj) : warning LNK4099: PDB 'vc120.pdb' was not found with 'yam2d.lib(pngtrans.obj)' or at 'C:\Users\PetriTol\Desktop\TekoalyKurssi\AIGameFrameworkPT\examples\Debug\vc120.pdb'; linking object as if no debug info
     1>yam2d.lib(vec2.obj) : warning LNK4099: PDB 'vc120.pdb' was not found with 'yam2d.lib(vec2.obj)' or at 'C:\Users\PetriTol\Desktop\TekoalyKurssi\AIGameFrameworkPT\examples\Debug\vc120.pdb'; linking object as if no debug info
     1>yam2d.lib(tinystr.obj) : warning LNK4099: PDB 'vc120.pdb' was not found with 'yam2d.lib(tinystr.obj)' or at 'C:\Users\PetriTol\Desktop\TekoalyKurssi\AIGameFrameworkPT\examples\Debug\vc120.pdb'; linking object as if no debug info
     1>yam2d.lib(tinyxml.obj) : warning LNK4099: PDB 'vc120.pdb' was not found with 'yam2d.lib(tinyxml.obj)' or at 'C:\Users\PetriTol\Desktop\TekoalyKurssi\AIGameFrameworkPT\examples\Debug\vc120.pdb'; linking object as if no debug info
     1>yam2d.lib(tinyxmlerror.obj) : warning LNK4099: PDB 'vc120.pdb' was not found with 'yam2d.lib(tinyxmlerror.obj)' or at 'C:\Users\PetriTol\Desktop\TekoalyKurssi\AIGameFrameworkPT\examples\Debug\vc120.pdb'; linking object as if no debug info
     1>yam2d.lib(tinyxmlparser.obj) : warning LNK4099: PDB 'vc120.pdb' was not found with 'yam2d.lib(tinyxmlparser.obj)' or at 'C:\Users\PetriTol\Desktop\TekoalyKurssi\AIGameFrameworkPT\examples\Debug\vc120.pdb'; linking object as if no debug info
     1>yam2d.lib(base64.obj) : warning LNK4099: PDB 'vc120.pdb' was not found with 'yam2d.lib(base64.obj)' or at 'C:\Users\PetriTol\Desktop\TekoalyKurssi\AIGameFrameworkPT\examples\Debug\vc120.pdb'; linking object as if no debug info
     1>yam2d.lib(TmxImage.obj) : warning LNK4099: PDB 'vc120.pdb' was not found with 'yam2d.lib(TmxImage.obj)' or at 'C:\Users\PetriTol\Desktop\TekoalyKurssi\AIGameFrameworkPT\examples\Debug\vc120.pdb'; linking object as if no debug info
     1>yam2d.lib(TmxLayer.obj) : warning LNK4099: PDB 'vc120.pdb' was not found with 'yam2d.lib(TmxLayer.obj)' or at 'C:\Users\PetriTol\Desktop\TekoalyKurssi\AIGameFrameworkPT\examples\Debug\vc120.pdb'; linking object as if no debug info
     1>yam2d.lib(TmxMap.obj) : warning LNK4099: PDB 'vc120.pdb' was not found with 'yam2d.lib(TmxMap.obj)' or at 'C:\Users\PetriTol\Desktop\TekoalyKurssi\AIGameFrameworkPT\examples\Debug\vc120.pdb'; linking object as if no debug info
     1>yam2d.lib(TmxObject.obj) : warning LNK4099: PDB 'vc120.pdb' was not found with 'yam2d.lib(TmxObject.obj)' or at 'C:\Users\PetriTol\Desktop\TekoalyKurssi\AIGameFrameworkPT\examples\Debug\vc120.pdb'; linking object as if no debug info
     1>yam2d.lib(TmxObjectGroup.obj) : warning LNK4099: PDB 'vc120.pdb' was not found with 'yam2d.lib(TmxObjectGroup.obj)' or at 'C:\Users\PetriTol\Desktop\TekoalyKurssi\AIGameFrameworkPT\examples\Debug\vc120.pdb'; linking object as if no debug info
     1>yam2d.lib(TmxPolygon.obj) : warning LNK4099: PDB 'vc120.pdb' was not found with 'yam2d.lib(TmxPolygon.obj)' or at 'C:\Users\PetriTol\Desktop\TekoalyKurssi\AIGameFrameworkPT\examples\Debug\vc120.pdb'; linking object as if no debug info
     1>yam2d.lib(TmxPropertySet.obj) : warning LNK4099: PDB 'vc120.pdb' was not found with 'yam2d.lib(TmxPropertySet.obj)' or at 'C:\Users\PetriTol\Desktop\TekoalyKurssi\AIGameFrameworkPT\examples\Debug\vc120.pdb'; linking object as if no debug info
     1>yam2d.lib(TmxTile.obj) : warning LNK4099: PDB 'vc120.pdb' was not found with 'yam2d.lib(TmxTile.obj)' or at 'C:\Users\PetriTol\Desktop\TekoalyKurssi\AIGameFrameworkPT\examples\Debug\vc120.pdb'; linking object as if no debug info
     1>yam2d.lib(TmxTileset.obj) : warning LNK4099: PDB 'vc120.pdb' was not found with 'yam2d.lib(TmxTileset.obj)' or at 'C:\Users\PetriTol\Desktop\TekoalyKurssi\AIGameFrameworkPT\examples\Debug\vc120.pdb'; linking object as if no debug info
     1>yam2d.lib(TmxUtil.obj) : warning LNK4099: PDB 'vc120.pdb' was not found with 'yam2d.lib(TmxUtil.obj)' or at 'C:\Users\PetriTol\Desktop\TekoalyKurssi\AIGameFrameworkPT\examples\Debug\vc120.pdb'; linking object as if no debug info
     1>yam2d.lib(adler32.obj) : warning LNK4099: PDB 'vc120.pdb' was not found with 'yam2d.lib(adler32.obj)' or at 'C:\Users\PetriTol\Desktop\TekoalyKurssi\AIGameFrameworkPT\examples\Debug\vc120.pdb'; linking object as if no debug info
     1>yam2d.lib(crc32.obj) : warning LNK4099: PDB 'vc120.pdb' was not found with 'yam2d.lib(crc32.obj)' or at 'C:\Users\PetriTol\Desktop\TekoalyKurssi\AIGameFrameworkPT\examples\Debug\vc120.pdb'; linking object as if no debug info
     1>yam2d.lib(inffast.obj) : warning LNK4099: PDB 'vc120.pdb' was not found with 'yam2d.lib(inffast.obj)' or at 'C:\Users\PetriTol\Desktop\TekoalyKurssi\AIGameFrameworkPT\examples\Debug\vc120.pdb'; linking object as if no debug info
     1>yam2d.lib(inflate.obj) : warning LNK4099: PDB 'vc120.pdb' was not found with 'yam2d.lib(inflate.obj)' or at 'C:\Users\PetriTol\Desktop\TekoalyKurssi\AIGameFrameworkPT\examples\Debug\vc120.pdb'; linking object as if no debug info
     1>yam2d.lib(inftrees.obj) : warning LNK4099: PDB 'vc120.pdb' was not found with 'yam2d.lib(inftrees.obj)' or at 'C:\Users\PetriTol\Desktop\TekoalyKurssi\AIGameFrameworkPT\examples\Debug\vc120.pdb'; linking object as if no debug info
     1>yam2d.lib(uncompr.obj) : warning LNK4099: PDB 'vc120.pdb' was not found with 'yam2d.lib(uncompr.obj)' or at 'C:\Users\PetriTol\Desktop\TekoalyKurssi\AIGameFrameworkPT\examples\Debug\vc120.pdb'; linking object as if no debug info
     1>yam2d.lib(zutil.obj) : warning LNK4099: PDB 'vc120.pdb' was not found with 'yam2d.lib(zutil.obj)' or at 'C:\Users\PetriTol\Desktop\TekoalyKurssi\AIGameFrameworkPT\examples\Debug\vc120.pdb'; linking object as if no debug info
     1>yam2d.lib(ElapsedTimer.obj) : warning LNK4099: PDB 'vc120.pdb' was not found with 'yam2d.lib(ElapsedTimer.obj)' or at 'C:\Users\PetriTol\Desktop\TekoalyKurssi\AIGameFrameworkPT\examples\Debug\vc120.pdb'; linking object as if no debug info
     1>yam2d.lib(Entity.obj) : warning LNK4099: PDB 'vc120.pdb' was not found with 'yam2d.lib(Entity.obj)' or at 'C:\Users\PetriTol\Desktop\TekoalyKurssi\AIGameFrameworkPT\examples\Debug\vc120.pdb'; linking object as if no debug info
     1>yam2d.lib(FileStream.obj) : warning LNK4099: PDB 'vc120.pdb' was not found with 'yam2d.lib(FileStream.obj)' or at 'C:\Users\PetriTol\Desktop\TekoalyKurssi\AIGameFrameworkPT\examples\Debug\vc120.pdb'; linking object as if no debug info
     1>yam2d.lib(GameObject.obj) : warning LNK4099: PDB 'vc120.pdb' was not found with 'yam2d.lib(GameObject.obj)' or at 'C:\Users\PetriTol\Desktop\TekoalyKurssi\AIGameFrameworkPT\examples\Debug\vc120.pdb'; linking object as if no debug info
     1>yam2d.lib(Layer.obj) : warning LNK4099: PDB 'vc120.pdb' was not found with 'yam2d.lib(Layer.obj)' or at 'C:\Users\PetriTol\Desktop\TekoalyKurssi\AIGameFrameworkPT\examples\Debug\vc120.pdb'; linking object as if no debug info
     1>yam2d.lib(Map.obj) : warning LNK4099: PDB 'vc120.pdb' was not found with 'yam2d.lib(Map.obj)' or at 'C:\Users\PetriTol\Desktop\TekoalyKurssi\AIGameFrameworkPT\examples\Debug\vc120.pdb'; linking object as if no debug info
     1>yam2d.lib(MapController.obj) : warning LNK4099: PDB 'vc120.pdb' was not found with 'yam2d.lib(MapController.obj)' or at 'C:\Users\PetriTol\Desktop\TekoalyKurssi\AIGameFrameworkPT\examples\Debug\vc120.pdb'; linking object as if no debug info
     1>yam2d.lib(Object.obj) : warning LNK4099: PDB 'vc120.pdb' was not found with 'yam2d.lib(Object.obj)' or at 'C:\Users\PetriTol\Desktop\TekoalyKurssi\AIGameFrameworkPT\examples\Debug\vc120.pdb'; linking object as if no debug info
     1>yam2d.lib(PropertySet.obj) : warning LNK4099: PDB 'vc120.pdb' was not found with 'yam2d.lib(PropertySet.obj)' or at 'C:\Users\PetriTol\Desktop\TekoalyKurssi\AIGameFrameworkPT\examples\Debug\vc120.pdb'; linking object as if no debug info
     1>yam2d.lib(Sprite.obj) : warning LNK4099: PDB 'vc120.pdb' was not found with 'yam2d.lib(Sprite.obj)' or at 'C:\Users\PetriTol\Desktop\TekoalyKurssi\AIGameFrameworkPT\examples\Debug\vc120.pdb'; linking object as if no debug info
     1>yam2d.lib(SpriteAnimation.obj) : warning LNK4099: PDB 'vc120.pdb' was not found with 'yam2d.lib(SpriteAnimation.obj)' or at 'C:\Users\PetriTol\Desktop\TekoalyKurssi\AIGameFrameworkPT\examples\Debug\vc120.pdb'; linking object as if no debug info
     1>yam2d.lib(SpriteBatch.obj) : warning LNK4099: PDB 'vc120.pdb' was not found with 'yam2d.lib(SpriteBatch.obj)' or at 'C:\Users\PetriTol\Desktop\TekoalyKurssi\AIGameFrameworkPT\examples\Debug\vc120.pdb'; linking object as if no debug info
     1>yam2d.lib(SpriteSheet.obj) : warning LNK4099: PDB 'vc120.pdb' was not found with 'yam2d.lib(SpriteSheet.obj)' or at 'C:\Users\PetriTol\Desktop\TekoalyKurssi\AIGameFrameworkPT\examples\Debug\vc120.pdb'; linking object as if no debug info
     1>yam2d.lib(StreamTexture.obj) : warning LNK4099: PDB 'vc120.pdb' was not found with 'yam2d.lib(StreamTexture.obj)' or at 'C:\Users\PetriTol\Desktop\TekoalyKurssi\AIGameFrameworkPT\examples\Debug\vc120.pdb'; linking object as if no debug info
     1>yam2d.lib(Text.obj) : warning LNK4099: PDB 'vc120.pdb' was not found with 'yam2d.lib(Text.obj)' or at 'C:\Users\PetriTol\Desktop\TekoalyKurssi\AIGameFrameworkPT\examples\Debug\vc120.pdb'; linking object as if no debug info
     1>yam2d.lib(Texture.obj) : warning LNK4099: PDB 'vc120.pdb' was not found with 'yam2d.lib(Texture.obj)' or at 'C:\Users\PetriTol\Desktop\TekoalyKurssi\AIGameFrameworkPT\examples\Debug\vc120.pdb'; linking object as if no debug info
     1>yam2d.lib(Tileset.obj) : warning LNK4099: PDB 'vc120.pdb' was not found with 'yam2d.lib(Tileset.obj)' or at 'C:\Users\PetriTol\Desktop\TekoalyKurssi\AIGameFrameworkPT\examples\Debug\vc120.pdb'; linking object as if no debug info
     1>yam2d.lib(es_util_png.obj) : warning LNK4099: PDB 'vc120.pdb' was not found with 'yam2d.lib(es_util_png.obj)' or at 'C:\Users\PetriTol\Desktop\TekoalyKurssi\AIGameFrameworkPT\examples\Debug\vc120.pdb'; linking object as if no debug info
     1>yam2d.lib(es_util_win32.obj) : warning LNK4099: PDB 'vc120.pdb' was not found with 'yam2d.lib(es_util_win32.obj)' or at 'C:\Users\PetriTol\Desktop\TekoalyKurssi\AIGameFrameworkPT\examples\Debug\vc120.pdb'; linking object as if no debug info
     1>yam2d.lib(es_util.obj) : warning LNK4099: PDB 'vc120.pdb' was not found with 'yam2d.lib(es_util.obj)' or at 'C:\Users\PetriTol\Desktop\TekoalyKurssi\AIGameFrameworkPT\examples\Debug\vc120.pdb'; linking object as if no debug info
     1>yam2d.lib(input_win32.obj) : warning LNK4099: PDB 'vc120.pdb' was not found with 'yam2d.lib(input_win32.obj)' or at 'C:\Users\PetriTol\Desktop\TekoalyKurssi\AIGameFrameworkPT\examples\Debug\vc120.pdb'; linking object as if no debug info
     1>yam2d.lib(XBOXController.obj) : warning LNK4099: PDB 'vc120.pdb' was not found with 'yam2d.lib(XBOXController.obj)' or at 'C:\Users\PetriTol\Desktop\TekoalyKurssi\AIGameFrameworkPT\examples\Debug\vc120.pdb'; linking object as if no debug info
         WarGame.vcxproj -> C:\Users\PetriTol\Desktop\TekoalyKurssi\AIGameFrameworkPT\examples\Debug\WarGame.exe
     1>Done Building Project "C:\Users\PetriTol\Desktop\TekoalyKurssi\AIGameFrameworkPT\examples\WarGame\WarGame.vcxproj" (Build target(s)).

Build succeeded.

Time Elapsed 00:00:03.65
